Arguments: 
  C:\Program Files\nodejs\node.exe C:\Users\Адмін\AppData\Roaming\npm\node_modules\yarn\bin\yarn.js add sass

PATH: 
  C:\Users\Public\WebStorm Projects\next_js_education\node_modules\.bin;C:\Windows\system32;C:\Windows;C:\Windows\System32\Wbem;C:\Windows\System32\WindowsPowerShell\v1.0\;C:\Program Files\nodejs\;C:\Program Files\Git\cmd;C:\Program Files\nodejs\;C:\Users\Адмін\AppData\Roaming\npm;C:\Users\Адмін\AppData\Local\GitHubDesktop\bin

Yarn version: 
  1.22.11

Node version: 
  16.7.0

Platform: 
  win32 x64

Trace: 
  Error: EPERM: operation not permitted, unlink 'C:\Users\Public\WebStorm Projects\next_js_education\node_modules\@next\swc-win32-x64-msvc\next-swc.win32-x64-msvc.node'

npm manifest: 
  {
    "name": "next_js_education",
    "private": true,
    "scripts": {
      "dev": "next dev",
      "build": "next build",
      "start": "next start",
      "lint": "next lint"
    },
    "dependencies": {
      "next": "12.0.7",
      "react": "17.0.2",
      "react-dom": "17.0.2",
      "styled-components": "^5.3.3"
    },
    "devDependencies": {
      "eslint": "8.4.1",
      "eslint-config-next": "12.0.7"
    }
  }

yarn manifest: 
  No manifest

Lockfile: 
  No lockfile
